\BOOKMARK [1][-]{section.1}{Objetivos generales}{}% 1
\BOOKMARK [1][-]{section.2}{Plataforma de pruebas}{}% 2
\BOOKMARK [1][-]{section.3}{Problema 1: Dakkar}{}% 3
\BOOKMARK [2][-]{subsection.3.1}{Descripci\363n del problema.}{section.3}% 4
\BOOKMARK [2][-]{subsection.3.2}{Desarrollo de la idea y correctitud.}{section.3}% 5
\BOOKMARK [2][-]{subsection.3.3}{An\341lisis de complejidad.}{section.3}% 6
\BOOKMARK [2][-]{subsection.3.4}{Experimentaci\363n y gr\341ficos.}{section.3}% 7
\BOOKMARK [3][-]{subsubsection.3.4.1}{Test 1}{subsection.3.4}% 8
\BOOKMARK [3][-]{subsubsection.3.4.2}{Test 2}{subsection.3.4}% 9
\BOOKMARK [1][-]{section.4}{Problema 2: Zombieland II}{}% 10
\BOOKMARK [2][-]{subsection.4.1}{Descripci\363n del problema.}{section.4}% 11
\BOOKMARK [2][-]{subsection.4.2}{Desarrollo de la idea y correctitud.}{section.4}% 12
\BOOKMARK [2][-]{subsection.4.3}{An\341lisis de complejidad.}{section.4}% 13
\BOOKMARK [2][-]{subsection.4.4}{Experimentaci\363n y gr\341ficos.}{section.4}% 14
\BOOKMARK [3][-]{subsubsection.4.4.1}{Test 1}{subsection.4.4}% 15
\BOOKMARK [3][-]{subsubsection.4.4.2}{Test 2}{subsection.4.4}% 16
\BOOKMARK [3][-]{subsubsection.4.4.3}{Test 3}{subsection.4.4}% 17
\BOOKMARK [1][-]{section.5}{Problema 3: Refinando petr\363leo}{}% 18
\BOOKMARK [2][-]{subsection.5.1}{Descripci\363n del problema.}{section.5}% 19
\BOOKMARK [2][-]{subsection.5.2}{Desarrollo de la idea y correctitud.}{section.5}% 20
\BOOKMARK [2][-]{subsection.5.3}{An\341lisis de complejidad.}{section.5}% 21
\BOOKMARK [2][-]{subsection.5.4}{Experimentaci\363n y gr\341ficos.}{section.5}% 22
\BOOKMARK [3][-]{subsubsection.5.4.1}{Test 1}{subsection.5.4}% 23
\BOOKMARK [3][-]{subsubsection.5.4.2}{Test 2}{subsection.5.4}% 24
\BOOKMARK [3][-]{subsubsection.5.4.3}{Test 3}{subsection.5.4}% 25
\BOOKMARK [1][-]{section.6}{Ap\351ndice 1: acerca de los tests}{}% 26
\BOOKMARK [1][-]{section.7}{Ap\351ndice 2: secciones relevantes del c\363digo}{}% 27
\BOOKMARK [2][-]{subsection.7.1}{C\363digo del Problema 1}{section.7}% 28
\BOOKMARK [2][-]{subsection.7.2}{C\363digo del Problema 2}{section.7}% 29
\BOOKMARK [2][-]{subsection.7.3}{C\363digo del Problema 3}{section.7}% 30
