This is pdfTeX, Version 3.1415926-2.5-1.40.14 (TeX Live 2013/Debian) (format=pdflatex 2014.10.3)  8 MAY 2015 18:48
entering extended mode
 restricted \write18 enabled.
 %&-line parsing enabled.
**informe.tex
(./informe.tex
LaTeX2e <2011/06/27>
Babel <3.9h> and hyphenation patterns for 78 languages loaded.
(/usr/share/texlive/texmf-dist/tex/latex/base/article.cls
Document Class: article 2007/10/19 v1.4h Standard LaTeX document class
(/usr/share/texlive/texmf-dist/tex/latex/base/size10.clo
File: size10.clo 2007/10/19 v1.4h Standard LaTeX file (size option)
)
\c@part=\count79
\c@section=\count80
\c@subsection=\count81
\c@subsubsection=\count82
\c@paragraph=\count83
\c@subparagraph=\count84
\c@figure=\count85
\c@table=\count86
\abovecaptionskip=\skip41
\belowcaptionskip=\skip42
\bibindent=\dimen102
)
(/usr/share/texlive/texmf-dist/tex/generic/babel/babel.sty
Package: babel 2013/12/03 3.9h The Babel package

(/usr/share/texlive/texmf-dist/tex/generic/babel-spanish/spanish.ldf
Language: spanish.ldf 2014/01/29 v5.0m Spanish support from the babel system

(/usr/share/texlive/texmf-dist/tex/generic/babel/babel.def
File: babel.def 2013/12/03 3.9h Babel common definitions
\babel@savecnt=\count87
\U@D=\dimen103
)
\es@datefmt=\count88
\es@quottoks=\toks14
\es@quotdepth=\count89
Package babel Info: Making " an active character on input line 496.
Package babel Info: Making . an active character on input line 599.
Package babel Info: Making < an active character on input line 644.
Package babel Info: Making > an active character on input line 644.
))
(/usr/share/texlive/texmf-dist/tex/latex/base/inputenc.sty
Package: inputenc 2008/03/30 v1.1d Input encoding file
\inpenc@prehook=\toks15
\inpenc@posthook=\toks16

(/usr/share/texlive/texmf-dist/tex/latex/base/utf8.def
File: utf8.def 2008/04/05 v1.1m UTF-8 support for inputenc
Now handling font encoding OML ...
... no UTF-8 mapping file for font encoding OML
Now handling font encoding T1 ...
... processing UTF-8 mapping file for font encoding T1

(/usr/share/texlive/texmf-dist/tex/latex/base/t1enc.dfu
File: t1enc.dfu 2008/04/05 v1.1m UTF-8 support for inputenc
   defining Unicode char U+00A1 (decimal 161)
   defining Unicode char U+00A3 (decimal 163)
   defining Unicode char U+00AB (decimal 171)
   defining Unicode char U+00BB (decimal 187)
   defining Unicode char U+00BF (decimal 191)
   defining Unicode char U+00C0 (decimal 192)
   defining Unicode char U+00C1 (decimal 193)
   defining Unicode char U+00C2 (decimal 194)
   defining Unicode char U+00C3 (decimal 195)
   defining Unicode char U+00C4 (decimal 196)
   defining Unicode char U+00C5 (decimal 197)
   defining Unicode char U+00C6 (decimal 198)
   defining Unicode char U+00C7 (decimal 199)
   defining Unicode char U+00C8 (decimal 200)
   defining Unicode char U+00C9 (decimal 201)
   defining Unicode char U+00CA (decimal 202)
   defining Unicode char U+00CB (decimal 203)
   defining Unicode char U+00CC (decimal 204)
   defining Unicode char U+00CD (decimal 205)
   defining Unicode char U+00CE (decimal 206)
   defining Unicode char U+00CF (decimal 207)
   defining Unicode char U+00D0 (decimal 208)
   defining Unicode char U+00D1 (decimal 209)
   defining Unicode char U+00D2 (decimal 210)
   defining Unicode char U+00D3 (decimal 211)
   defining Unicode char U+00D4 (decimal 212)
   defining Unicode char U+00D5 (decimal 213)
   defining Unicode char U+00D6 (decimal 214)
   defining Unicode char U+00D8 (decimal 216)
   defining Unicode char U+00D9 (decimal 217)
   defining Unicode char U+00DA (decimal 218)
   defining Unicode char U+00DB (decimal 219)
   defining Unicode char U+00DC (decimal 220)
   defining Unicode char U+00DD (decimal 221)
   defining Unicode char U+00DE (decimal 222)
   defining Unicode char U+00DF (decimal 223)
   defining Unicode char U+00E0 (decimal 224)
   defining Unicode char U+00E1 (decimal 225)
   defining Unicode char U+00E2 (decimal 226)
   defining Unicode char U+00E3 (decimal 227)
   defining Unicode char U+00E4 (decimal 228)
   defining Unicode char U+00E5 (decimal 229)
   defining Unicode char U+00E6 (decimal 230)
   defining Unicode char U+00E7 (decimal 231)
   defining Unicode char U+00E8 (decimal 232)
   defining Unicode char U+00E9 (decimal 233)
   defining Unicode char U+00EA (decimal 234)
   defining Unicode char U+00EB (decimal 235)
   defining Unicode char U+00EC (decimal 236)
   defining Unicode char U+00ED (decimal 237)
   defining Unicode char U+00EE (decimal 238)
   defining Unicode char U+00EF (decimal 239)
   defining Unicode char U+00F0 (decimal 240)
   defining Unicode char U+00F1 (decimal 241)
   defining Unicode char U+00F2 (decimal 242)
   defining Unicode char U+00F3 (decimal 243)
   defining Unicode char U+00F4 (decimal 244)
   defining Unicode char U+00F5 (decimal 245)
   defining Unicode char U+00F6 (decimal 246)
   defining Unicode char U+00F8 (decimal 248)
   defining Unicode char U+00F9 (decimal 249)
   defining Unicode char U+00FA (decimal 250)
   defining Unicode char U+00FB (decimal 251)
   defining Unicode char U+00FC (decimal 252)
   defining Unicode char U+00FD (decimal 253)
   defining Unicode char U+00FE (decimal 254)
   defining Unicode char U+00FF (decimal 255)
   defining Unicode char U+0102 (decimal 258)
   defining Unicode char U+0103 (decimal 259)
   defining Unicode char U+0104 (decimal 260)
   defining Unicode char U+0105 (decimal 261)
   defining Unicode char U+0106 (decimal 262)
   defining Unicode char U+0107 (decimal 263)
   defining Unicode char U+010C (decimal 268)
   defining Unicode char U+010D (decimal 269)
   defining Unicode char U+010E (decimal 270)
   defining Unicode char U+010F (decimal 271)
   defining Unicode char U+0110 (decimal 272)
   defining Unicode char U+0111 (decimal 273)
   defining Unicode char U+0118 (decimal 280)
   defining Unicode char U+0119 (decimal 281)
   defining Unicode char U+011A (decimal 282)
   defining Unicode char U+011B (decimal 283)
   defining Unicode char U+011E (decimal 286)
   defining Unicode char U+011F (decimal 287)
   defining Unicode char U+0130 (decimal 304)
   defining Unicode char U+0131 (decimal 305)
   defining Unicode char U+0132 (decimal 306)
   defining Unicode char U+0133 (decimal 307)
   defining Unicode char U+0139 (decimal 313)
   defining Unicode char U+013A (decimal 314)
   defining Unicode char U+013D (decimal 317)
   defining Unicode char U+013E (decimal 318)
   defining Unicode char U+0141 (decimal 321)
   defining Unicode char U+0142 (decimal 322)
   defining Unicode char U+0143 (decimal 323)
   defining Unicode char U+0144 (decimal 324)
   defining Unicode char U+0147 (decimal 327)
   defining Unicode char U+0148 (decimal 328)
   defining Unicode char U+014A (decimal 330)
   defining Unicode char U+014B (decimal 331)
   defining Unicode char U+0150 (decimal 336)
   defining Unicode char U+0151 (decimal 337)
   defining Unicode char U+0152 (decimal 338)
   defining Unicode char U+0153 (decimal 339)
   defining Unicode char U+0154 (decimal 340)
   defining Unicode char U+0155 (decimal 341)
   defining Unicode char U+0158 (decimal 344)
   defining Unicode char U+0159 (decimal 345)
   defining Unicode char U+015A (decimal 346)
   defining Unicode char U+015B (decimal 347)
   defining Unicode char U+015E (decimal 350)
   defining Unicode char U+015F (decimal 351)
   defining Unicode char U+0160 (decimal 352)
   defining Unicode char U+0161 (decimal 353)
   defining Unicode char U+0162 (decimal 354)
   defining Unicode char U+0163 (decimal 355)
   defining Unicode char U+0164 (decimal 356)
   defining Unicode char U+0165 (decimal 357)
   defining Unicode char U+016E (decimal 366)
   defining Unicode char U+016F (decimal 367)
   defining Unicode char U+0170 (decimal 368)
   defining Unicode char U+0171 (decimal 369)
   defining Unicode char U+0178 (decimal 376)
   defining Unicode char U+0179 (decimal 377)
   defining Unicode char U+017A (decimal 378)
   defining Unicode char U+017B (decimal 379)
   defining Unicode char U+017C (decimal 380)
   defining Unicode char U+017D (decimal 381)
   defining Unicode char U+017E (decimal 382)
   defining Unicode char U+200C (decimal 8204)
   defining Unicode char U+2013 (decimal 8211)
   defining Unicode char U+2014 (decimal 8212)
   defining Unicode char U+2018 (decimal 8216)
   defining Unicode char U+2019 (decimal 8217)
   defining Unicode char U+201A (decimal 8218)
   defining Unicode char U+201C (decimal 8220)
   defining Unicode char U+201D (decimal 8221)
   defining Unicode char U+201E (decimal 8222)
   defining Unicode char U+2030 (decimal 8240)
   defining Unicode char U+2031 (decimal 8241)
   defining Unicode char U+2039 (decimal 8249)
   defining Unicode char U+203A (decimal 8250)
   defining Unicode char U+2423 (decimal 9251)
)
Now handling font encoding OT1 ...
... processing UTF-8 mapping file for font encoding OT1

(/usr/share/texlive/texmf-dist/tex/latex/base/ot1enc.dfu
File: ot1enc.dfu 2008/04/05 v1.1m UTF-8 support for inputenc
   defining Unicode char U+00A1 (decimal 161)
   defining Unicode char U+00A3 (decimal 163)
   defining Unicode char U+00B8 (decimal 184)
   defining Unicode char U+00BF (decimal 191)
   defining Unicode char U+00C5 (decimal 197)
   defining Unicode char U+00C6 (decimal 198)
   defining Unicode char U+00D8 (decimal 216)
   defining Unicode char U+00DF (decimal 223)
   defining Unicode char U+00E6 (decimal 230)
   defining Unicode char U+00EC (decimal 236)
   defining Unicode char U+00ED (decimal 237)
   defining Unicode char U+00EE (decimal 238)
   defining Unicode char U+00EF (decimal 239)
   defining Unicode char U+00F8 (decimal 248)
   defining Unicode char U+0131 (decimal 305)
   defining Unicode char U+0141 (decimal 321)
   defining Unicode char U+0142 (decimal 322)
   defining Unicode char U+0152 (decimal 338)
   defining Unicode char U+0153 (decimal 339)
   defining Unicode char U+2013 (decimal 8211)
   defining Unicode char U+2014 (decimal 8212)
   defining Unicode char U+2018 (decimal 8216)
   defining Unicode char U+2019 (decimal 8217)
   defining Unicode char U+201C (decimal 8220)
   defining Unicode char U+201D (decimal 8221)
)
Now handling font encoding OMS ...
... processing UTF-8 mapping file for font encoding OMS

(/usr/share/texlive/texmf-dist/tex/latex/base/omsenc.dfu
File: omsenc.dfu 2008/04/05 v1.1m UTF-8 support for inputenc
   defining Unicode char U+00A7 (decimal 167)
   defining Unicode char U+00B6 (decimal 182)
   defining Unicode char U+00B7 (decimal 183)
   defining Unicode char U+2020 (decimal 8224)
   defining Unicode char U+2021 (decimal 8225)
   defining Unicode char U+2022 (decimal 8226)
)
Now handling font encoding OMX ...
... no UTF-8 mapping file for font encoding OMX
Now handling font encoding U ...
... no UTF-8 mapping file for font encoding U
   defining Unicode char U+00A9 (decimal 169)
   defining Unicode char U+00AA (decimal 170)
   defining Unicode char U+00AE (decimal 174)
   defining Unicode char U+00BA (decimal 186)
   defining Unicode char U+02C6 (decimal 710)
   defining Unicode char U+02DC (decimal 732)
   defining Unicode char U+200C (decimal 8204)
   defining Unicode char U+2026 (decimal 8230)
   defining Unicode char U+2122 (decimal 8482)
   defining Unicode char U+2423 (decimal 9251)
))
(/usr/share/texlive/texmf-dist/tex/latex/fancyhdr/fancyhdr.sty
\fancy@headwidth=\skip43
\f@ncyO@elh=\skip44
\f@ncyO@erh=\skip45
\f@ncyO@olh=\skip46
\f@ncyO@orh=\skip47
\f@ncyO@elf=\skip48
\f@ncyO@erf=\skip49
\f@ncyO@olf=\skip50
\f@ncyO@orf=\skip51
)
(/usr/share/texlive/texmf-dist/tex/latex/psnfss/charter.sty
Package: charter 2005/04/12 PSNFSS-v9.2a (P.Dyballa) 
)
(/usr/share/texlive/texmf-dist/tex/latex/graphics/graphicx.sty
Package: graphicx 1999/02/16 v1.0f Enhanced LaTeX Graphics (DPC,SPQR)

(/usr/share/texlive/texmf-dist/tex/latex/graphics/keyval.sty
Package: keyval 1999/03/16 v1.13 key=value parser (DPC)
\KV@toks@=\toks17
)
(/usr/share/texlive/texmf-dist/tex/latex/graphics/graphics.sty
Package: graphics 2009/02/05 v1.0o Standard LaTeX Graphics (DPC,SPQR)

(/usr/share/texlive/texmf-dist/tex/latex/graphics/trig.sty
Package: trig 1999/03/16 v1.09 sin cos tan (DPC)
)
(/usr/share/texlive/texmf-dist/tex/latex/latexconfig/graphics.cfg
File: graphics.cfg 2010/04/23 v1.9 graphics configuration of TeX Live
)
Package graphics Info: Driver file: pdftex.def on input line 91.

(/usr/share/texlive/texmf-dist/tex/latex/pdftex-def/pdftex.def
File: pdftex.def 2011/05/27 v0.06d Graphics/color for pdfTeX

(/usr/share/texlive/texmf-dist/tex/generic/oberdiek/infwarerr.sty
Package: infwarerr 2010/04/08 v1.3 Providing info/warning/error messages (HO)
)
(/usr/share/texlive/texmf-dist/tex/generic/oberdiek/ltxcmds.sty
Package: ltxcmds 2011/11/09 v1.22 LaTeX kernel commands for general use (HO)
)
\Gread@gobject=\count90
))
\Gin@req@height=\dimen104
\Gin@req@width=\dimen105
)
(/usr/share/texlive/texmf-dist/tex/latex/base/makeidx.sty
Package: makeidx 2000/03/29 v1.0m Standard LaTeX package
)
(/usr/share/texlive/texmf-dist/tex/latex/float/float.sty
Package: float 2001/11/08 v1.3d Float enhancements (AL)
\c@float@type=\count91
\float@exts=\toks18
\float@box=\box26
\@float@everytoks=\toks19
\@floatcapt=\box27
)
(/usr/share/texlive/texmf-dist/tex/latex/amsmath/amsmath.sty
Package: amsmath 2013/01/14 v2.14 AMS math features
\@mathmargin=\skip52

For additional information on amsmath, use the `?' option.
(/usr/share/texlive/texmf-dist/tex/latex/amsmath/amstext.sty
Package: amstext 2000/06/29 v2.01

(/usr/share/texlive/texmf-dist/tex/latex/amsmath/amsgen.sty
File: amsgen.sty 1999/11/30 v2.0
\@emptytoks=\toks20
\ex@=\dimen106
))
(/usr/share/texlive/texmf-dist/tex/latex/amsmath/amsbsy.sty
Package: amsbsy 1999/11/29 v1.2d
\pmbraise@=\dimen107
)
(/usr/share/texlive/texmf-dist/tex/latex/amsmath/amsopn.sty
Package: amsopn 1999/12/14 v2.01 operator names
)
\inf@bad=\count92
LaTeX Info: Redefining \frac on input line 210.
\uproot@=\count93
\leftroot@=\count94
LaTeX Info: Redefining \overline on input line 306.
\classnum@=\count95
\DOTSCASE@=\count96
LaTeX Info: Redefining \ldots on input line 378.
LaTeX Info: Redefining \dots on input line 381.
LaTeX Info: Redefining \cdots on input line 466.
\Mathstrutbox@=\box28
\strutbox@=\box29
\big@size=\dimen108
LaTeX Font Info:    Redeclaring font encoding OML on input line 566.
LaTeX Font Info:    Redeclaring font encoding OMS on input line 567.
\macc@depth=\count97
\c@MaxMatrixCols=\count98
\dotsspace@=\muskip10
\c@parentequation=\count99
\dspbrk@lvl=\count100
\tag@help=\toks21
\row@=\count101
\column@=\count102
\maxfields@=\count103
\andhelp@=\toks22
\eqnshift@=\dimen109
\alignsep@=\dimen110
\tagshift@=\dimen111
\tagwidth@=\dimen112
\totwidth@=\dimen113
\lineht@=\dimen114
\@envbody=\toks23
\multlinegap=\skip53
\multlinetaggap=\skip54
\mathdisplay@stack=\toks24
LaTeX Info: Redefining \[ on input line 2665.
LaTeX Info: Redefining \] on input line 2666.
)
(/usr/share/texlive/texmf-dist/tex/latex/amscls/amsthm.sty
Package: amsthm 2004/08/06 v2.20
\thm@style=\toks25
\thm@bodyfont=\toks26
\thm@headfont=\toks27
\thm@notefont=\toks28
\thm@headpunct=\toks29
\thm@preskip=\skip55
\thm@postskip=\skip56
\thm@headsep=\skip57
\dth@everypar=\toks30
)
(/usr/share/texlive/texmf-dist/tex/latex/amsfonts/amssymb.sty
Package: amssymb 2013/01/14 v3.01 AMS font symbols

(/usr/share/texlive/texmf-dist/tex/latex/amsfonts/amsfonts.sty
Package: amsfonts 2013/01/14 v3.01 Basic AMSFonts support
\symAMSa=\mathgroup4
\symAMSb=\mathgroup5
LaTeX Font Info:    Overwriting math alphabet `\mathfrak' in version `bold'
(Font)                  U/euf/m/n --> U/euf/b/n on input line 106.
))
(/usr/share/texlive/texmf-dist/tex/latex/sectsty/sectsty.sty
Package: sectsty 2002/02/25 v2.0.2 Commands to change all sectional heading sty
les
)
(/usr/share/texlive/texmf-dist/tex/latex/wrapfig/wrapfig.sty
\wrapoverhang=\dimen115
\WF@size=\dimen116
\c@WF@wrappedlines=\count104
\WF@box=\box30
\WF@everypar=\toks31
Package: wrapfig 2003/01/31  v 3.6
)
(/usr/share/texlive/texmf-dist/tex/latex/listings/listings.sty
\lst@mode=\count105
\lst@gtempboxa=\box31
\lst@token=\toks32
\lst@length=\count106
\lst@currlwidth=\dimen117
\lst@column=\count107
\lst@pos=\count108
\lst@lostspace=\dimen118
\lst@width=\dimen119
\lst@newlines=\count109
\lst@lineno=\count110
\lst@maxwidth=\dimen120

(/usr/share/texlive/texmf-dist/tex/latex/listings/lstmisc.sty
File: lstmisc.sty 2013/08/26 1.5b (Carsten Heinz)
\c@lstnumber=\count111
\lst@skipnumbers=\count112
\lst@framebox=\box32
)
(/usr/share/texlive/texmf-dist/tex/latex/listings/listings.cfg
File: listings.cfg 2013/08/26 1.5b listings configuration
))
Package: listings 2013/08/26 1.5b (Carsten Heinz)

(/usr/share/texlive/texmf-dist/tex/latex/caption/caption.sty
Package: caption 2013/05/02 v3.3-89 Customizing captions (AR)

(/usr/share/texlive/texmf-dist/tex/latex/caption/caption3.sty
Package: caption3 2013/05/02 v1.6-88 caption3 kernel (AR)
Package caption3 Info: TeX engine: e-TeX on input line 57.
\captionmargin=\dimen121
\captionmargin@=\dimen122
\captionwidth=\dimen123
\caption@tempdima=\dimen124
\caption@indent=\dimen125
\caption@parindent=\dimen126
\caption@hangindent=\dimen127
)
\c@ContinuedFloat=\count113
Package caption Info: float package is loaded.
Package caption Info: listings package is loaded.
Package caption Info: wrapfig package is loaded.
)
(/usr/share/texlive/texmf-dist/tex/latex/placeins/placeins.sty
Package: placeins 2005/04/18  v 2.2
)
(/usr/share/texlive/texmf-dist/tex/latex/hyperref/hyperref.sty
Package: hyperref 2012/11/06 v6.83m Hypertext links for LaTeX

(/usr/share/texlive/texmf-dist/tex/generic/oberdiek/hobsub-hyperref.sty
Package: hobsub-hyperref 2012/05/28 v1.13 Bundle oberdiek, subset hyperref (HO)


(/usr/share/texlive/texmf-dist/tex/generic/oberdiek/hobsub-generic.sty
Package: hobsub-generic 2012/05/28 v1.13 Bundle oberdiek, subset generic (HO)
Package: hobsub 2012/05/28 v1.13 Construct package bundles (HO)
Package hobsub Info: Skipping package `infwarerr' (already loaded).
Package hobsub Info: Skipping package `ltxcmds' (already loaded).
Package: ifluatex 2010/03/01 v1.3 Provides the ifluatex switch (HO)
Package ifluatex Info: LuaTeX not detected.
Package: ifvtex 2010/03/01 v1.5 Detect VTeX and its facilities (HO)
Package ifvtex Info: VTeX not detected.
Package: intcalc 2007/09/27 v1.1 Expandable calculations with integers (HO)
Package: ifpdf 2011/01/30 v2.3 Provides the ifpdf switch (HO)
Package ifpdf Info: pdfTeX in PDF mode is detected.
Package: etexcmds 2011/02/16 v1.5 Avoid name clashes with e-TeX commands (HO)
Package etexcmds Info: Could not find \expanded.
(etexcmds)             That can mean that you are not using pdfTeX 1.50 or
(etexcmds)             that some package has redefined \expanded.
(etexcmds)             In the latter case, load this package earlier.
Package: kvsetkeys 2012/04/25 v1.16 Key value parser (HO)
Package: kvdefinekeys 2011/04/07 v1.3 Define keys (HO)
Package: pdftexcmds 2011/11/29 v0.20 Utility functions of pdfTeX for LuaTeX (HO
)
Package pdftexcmds Info: LuaTeX not detected.
Package pdftexcmds Info: \pdf@primitive is available.
Package pdftexcmds Info: \pdf@ifprimitive is available.
Package pdftexcmds Info: \pdfdraftmode found.
Package: pdfescape 2011/11/25 v1.13 Implements pdfTeX's escape features (HO)
Package: bigintcalc 2012/04/08 v1.3 Expandable calculations on big integers (HO
)
Package: bitset 2011/01/30 v1.1 Handle bit-vector datatype (HO)
Package: uniquecounter 2011/01/30 v1.2 Provide unlimited unique counter (HO)
)
Package hobsub Info: Skipping package `hobsub' (already loaded).
Package: letltxmacro 2010/09/02 v1.4 Let assignment for LaTeX macros (HO)
Package: hopatch 2012/05/28 v1.2 Wrapper for package hooks (HO)
Package: xcolor-patch 2011/01/30 xcolor patch
Package: atveryend 2011/06/30 v1.8 Hooks at the very end of document (HO)
Package atveryend Info: \enddocument detected (standard20110627).
Package: atbegshi 2011/10/05 v1.16 At begin shipout hook (HO)
Package: refcount 2011/10/16 v3.4 Data extraction from label references (HO)
Package: hycolor 2011/01/30 v1.7 Color options for hyperref/bookmark (HO)
)
(/usr/share/texlive/texmf-dist/tex/generic/ifxetex/ifxetex.sty
Package: ifxetex 2010/09/12 v0.6 Provides ifxetex conditional
)
(/usr/share/texlive/texmf-dist/tex/latex/oberdiek/auxhook.sty
Package: auxhook 2011/03/04 v1.3 Hooks for auxiliary files (HO)
)
(/usr/share/texlive/texmf-dist/tex/latex/oberdiek/kvoptions.sty
Package: kvoptions 2011/06/30 v3.11 Key value format for package options (HO)
)
\@linkdim=\dimen128
\Hy@linkcounter=\count114
\Hy@pagecounter=\count115

(/usr/share/texlive/texmf-dist/tex/latex/hyperref/pd1enc.def
File: pd1enc.def 2012/11/06 v6.83m Hyperref: PDFDocEncoding definition (HO)
Now handling font encoding PD1 ...
... no UTF-8 mapping file for font encoding PD1
)
\Hy@SavedSpaceFactor=\count116

(/usr/share/texlive/texmf-dist/tex/latex/latexconfig/hyperref.cfg
File: hyperref.cfg 2002/06/06 v1.2 hyperref configuration of TeXLive
)
Package hyperref Info: Hyper figures OFF on input line 4443.
Package hyperref Info: Link nesting OFF on input line 4448.
Package hyperref Info: Hyper index ON on input line 4451.
Package hyperref Info: Plain pages OFF on input line 4458.
Package hyperref Info: Backreferencing OFF on input line 4463.
Package hyperref Info: Implicit mode ON; LaTeX internals redefined.
Package hyperref Info: Bookmarks ON on input line 4688.
\c@Hy@tempcnt=\count117

(/usr/share/texlive/texmf-dist/tex/latex/url/url.sty
\Urlmuskip=\muskip11
Package: url 2013/09/16  ver 3.4  Verb mode for urls, etc.
)
LaTeX Info: Redefining \url on input line 5041.
\XeTeXLinkMargin=\dimen129
\Fld@menulength=\count118
\Field@Width=\dimen130
\Fld@charsize=\dimen131
Package hyperref Info: Hyper figures OFF on input line 6295.
Package hyperref Info: Link nesting OFF on input line 6300.
Package hyperref Info: Hyper index ON on input line 6303.
Package hyperref Info: backreferencing OFF on input line 6310.
Package hyperref Info: Link coloring OFF on input line 6315.
Package hyperref Info: Link coloring with OCG OFF on input line 6320.
Package hyperref Info: PDF/A mode OFF on input line 6325.
LaTeX Info: Redefining \ref on input line 6365.
LaTeX Info: Redefining \pageref on input line 6369.
\Hy@abspage=\count119
\c@Item=\count120
\c@Hfootnote=\count121
)

Package hyperref Message: Driver (autodetected): hpdftex.

(/usr/share/texlive/texmf-dist/tex/latex/hyperref/hpdftex.def
File: hpdftex.def 2012/11/06 v6.83m Hyperref driver for pdfTeX
\Fld@listcount=\count122
\c@bookmark@seq@number=\count123

(/usr/share/texlive/texmf-dist/tex/latex/oberdiek/rerunfilecheck.sty
Package: rerunfilecheck 2011/04/15 v1.7 Rerun checks for auxiliary files (HO)
Package uniquecounter Info: New unique counter `rerunfilecheck' on input line 2
82.
)
\Hy@SectionHShift=\skip58
)
Package hyperref Info: Option `colorlinks' set `true' on input line 26.

(./codesnippet.tex (/usr/share/texlive/texmf-dist/tex/latex/graphics/color.sty
Package: color 2005/11/14 v1.0j Standard LaTeX Color (DPC)

(/usr/share/texlive/texmf-dist/tex/latex/latexconfig/color.cfg
File: color.cfg 2007/01/18 v1.5 color configuration of teTeX/TeXLive
)
Package color Info: Driver file: pdftex.def on input line 130.
)
(/usr/share/texlive/texmf-dist/tex/latex/fancybox/fancybox.sty
Package: fancybox 2010/05/15 1.4

Style option: `fancybox' v1.4 <2010/05/15> (tvz)
\@fancybox=\box33
\shadowsize=\dimen132
\@Sbox=\box34
\do@VerbBox=\toks33
\the@fancyput=\toks34
\this@fancyput=\toks35
\EndVerbatimTokens=\toks36
\Verbatim@Outfile=\write3
\Verbatim@Infile=\read1
)) (./page.layout.tex)
(/usr/share/texlive/texmf-dist/tex/latex/underscore/underscore.sty
Package: underscore 2006/09/13
LaTeX Info: Redefining \_ on input line 42.
)
(./caratula.sty
Package: caratula 2014/07/07 v0.3.1 Para componer car\unhbox \voidb@x \bgroup \
let \unhbox \voidb@x \setbox \@tempboxa \hbox {a\global \mathchardef \accent@sp
acefactor \spacefactor }\accent 19 a\egroup \spacefactor \accent@spacefactor tu
las de TP's del DC

Cargando package 'caratula' v0.3.1 (2014/07/07)
\intlist=\toks37
) (./clrscode3e.sty
Package: clrscode3e 
\c@codelinenumber=\count124
\c@indent=\count125
\digitwidth=\skip59
\savecode=\box35
\codeboxwidth=\skip60
\c@thisindent=\count126
) (./informe.aux
LaTeX Info: Redefining \. on input line 24.
LaTeX Info: Redefining \% on input line 24.
)
\openout1 = `informe.aux'.

LaTeX Font Info:    Checking defaults for OML/cmm/m/it on input line 39.
LaTeX Font Info:    ... okay on input line 39.
LaTeX Font Info:    Checking defaults for T1/cmr/m/n on input line 39.
LaTeX Font Info:    ... okay on input line 39.
LaTeX Font Info:    Checking defaults for OT1/cmr/m/n on input line 39.
LaTeX Font Info:    ... okay on input line 39.
LaTeX Font Info:    Checking defaults for OMS/cmsy/m/n on input line 39.
LaTeX Font Info:    ... okay on input line 39.
LaTeX Font Info:    Checking defaults for OMX/cmex/m/n on input line 39.
LaTeX Font Info:    ... okay on input line 39.
LaTeX Font Info:    Checking defaults for U/cmr/m/n on input line 39.
LaTeX Font Info:    ... okay on input line 39.
LaTeX Font Info:    Checking defaults for PD1/pdf/m/n on input line 39.
LaTeX Font Info:    ... okay on input line 39.
LaTeX Font Info:    Try loading font information for OT1+bch on input line 39.

(/usr/share/texlive/texmf-dist/tex/latex/psnfss/ot1bch.fd
File: ot1bch.fd 2004/10/18 font definitions for OT1/bch.
)
LaTeX Info: Redefining \. on input line 39.
LaTeX Info: Redefining \% on input line 39.

(/usr/share/texlive/texmf-dist/tex/context/base/supp-pdf.mkii
[Loading MPS to PDF converter (version 2006.09.02).]
\scratchcounter=\count127
\scratchdimen=\dimen133
\scratchbox=\box36
\nofMPsegments=\count128
\nofMParguments=\count129
\everyMPshowfont=\toks38
\MPscratchCnt=\count130
\MPscratchDim=\dimen134
\MPnumerator=\count131
\makeMPintoPDFobject=\count132
\everyMPtoPDFconversion=\toks39
) (/usr/share/texlive/texmf-dist/tex/latex/oberdiek/epstopdf-base.sty
Package: epstopdf-base 2010/02/09 v2.5 Base part for package epstopdf

(/usr/share/texlive/texmf-dist/tex/latex/oberdiek/grfext.sty
Package: grfext 2010/08/19 v1.1 Manage graphics extensions (HO)
)
Package grfext Info: Graphics extension search list:
(grfext)             [.png,.pdf,.jpg,.mps,.jpeg,.jbig2,.jb2,.PNG,.PDF,.JPG,.JPE
G,.JBIG2,.JB2,.eps]
(grfext)             \AppendGraphicsExtensions on input line 452.

(/usr/share/texlive/texmf-dist/tex/latex/latexconfig/epstopdf-sys.cfg
File: epstopdf-sys.cfg 2010/07/13 v1.3 Configuration of (r)epstopdf for TeX Liv
e
))
\c@lstlisting=\count133
Package caption Info: Begin \AtBeginDocument code.
Package caption Info: hyperref package is loaded.
Package caption Info: End \AtBeginDocument code.
\AtBeginShipoutBox=\box37
Package hyperref Info: Link coloring ON on input line 39.

(/usr/share/texlive/texmf-dist/tex/latex/hyperref/nameref.sty
Package: nameref 2012/10/27 v2.43 Cross-referencing by name of section

(/usr/share/texlive/texmf-dist/tex/generic/oberdiek/gettitlestring.sty
Package: gettitlestring 2010/12/03 v1.4 Cleanup title references (HO)
)
\c@section@level=\count134
)
LaTeX Info: Redefining \ref on input line 39.
LaTeX Info: Redefining \pageref on input line 39.
LaTeX Info: Redefining \nameref on input line 39.

(./informe.out) (./informe.out)
\@outlinefile=\write4
\openout4 = `informe.out'.


(/usr/share/texlive/texmf-dist/tex/latex/listings/lstlang1.sty
File: lstlang1.sty 2013/08/26 1.5b listings language file
)
(/usr/share/texlive/texmf-dist/tex/latex/listings/lstlang1.sty
File: lstlang1.sty 2013/08/26 1.5b listings language file
)
(/usr/share/texlive/texmf-dist/tex/latex/listings/lstmisc.sty
File: lstmisc.sty 2013/08/26 1.5b (Carsten Heinz)
)
<imagenes/logodc.jpg, id=120, 215.6055pt x 83.5923pt>
File: imagenes/logodc.jpg Graphic file (type jpg)

<use imagenes/logodc.jpg>
Package pdftex.def Info: imagenes/logodc.jpg used on input line 62.
(pdftex.def)             Requested size: 215.60497pt x 83.59207pt.
LaTeX Font Info:    Try loading font information for U+msa on input line 62.

(/usr/share/texlive/texmf-dist/tex/latex/amsfonts/umsa.fd
File: umsa.fd 2013/01/14 v3.01 AMS symbols A
)
LaTeX Font Info:    Try loading font information for U+msb on input line 62.

(/usr/share/texlive/texmf-dist/tex/latex/amsfonts/umsb.fd
File: umsb.fd 2013/01/14 v3.01 AMS symbols B
)
<imagenes/logouba.jpg, id=121, 225.4824pt x 231.7458pt>
File: imagenes/logouba.jpg Graphic file (type jpg)

<use imagenes/logouba.jpg>
Package pdftex.def Info: imagenes/logouba.jpg used on input line 62.
(pdftex.def)             Requested size: 225.48184pt x 231.74522pt.


LaTeX Font Warning: Font shape `OT1/cmss/b/n' undefined
(Font)              using `OT1/cmss/m/n' instead on input line 62.


Underfull \hbox (badness 10000) in paragraph at lines 62--62

 []


Overfull \hbox (22.76358pt too wide) in paragraph at lines 62--62
[][][] 
 []

Package babel Info: Redefining spanish shorthand <<
(babel)             in language  on input line 62.
Package babel Info: Redefining spanish shorthand >>
(babel)             in language  on input line 62.
Package babel Info: Redefining spanish shorthand "=
(babel)             in language  on input line 62.
Package babel Info: Redefining spanish shorthand "~
(babel)             in language  on input line 62.
Package babel Info: Redefining spanish shorthand "!
(babel)             in language  on input line 62.
Package babel Info: Redefining spanish shorthand "?
(babel)             in language  on input line 62.
Package babel Info: Redefining spanish shorthand <<
(babel)             in language  on input line 62.
Package babel Info: Redefining spanish shorthand >>
(babel)             in language  on input line 62.
Package babel Info: Redefining spanish shorthand "=
(babel)             in language  on input line 62.
Package babel Info: Redefining spanish shorthand "~
(babel)             in language  on input line 62.
Package babel Info: Redefining spanish shorthand "!
(babel)             in language  on input line 62.
Package babel Info: Redefining spanish shorthand "?
(babel)             in language  on input line 62.
[1

{/var/lib/texmf/fonts/map/pdftex/updmap/pdftex.map} <./imagenes/logodc.jpg> <./
imagenes/logouba.jpg>] (./informe.toc
LaTeX Info: Redefining \. on input line 1.
LaTeX Info: Redefining \% on input line 1.
)
\tf@toc=\write5
\openout5 = `informe.toc'.

Package babel Info: Redefining spanish shorthand <<
(babel)             in language  on input line 76.
Package babel Info: Redefining spanish shorthand >>
(babel)             in language  on input line 76.
Package babel Info: Redefining spanish shorthand "=
(babel)             in language  on input line 76.
Package babel Info: Redefining spanish shorthand "~
(babel)             in language  on input line 76.
Package babel Info: Redefining spanish shorthand "!
(babel)             in language  on input line 76.
Package babel Info: Redefining spanish shorthand "?
(babel)             in language  on input line 76.
Package babel Info: Redefining spanish shorthand <<
(babel)             in language  on input line 76.
Package babel Info: Redefining spanish shorthand >>
(babel)             in language  on input line 76.
Package babel Info: Redefining spanish shorthand "=
(babel)             in language  on input line 76.
Package babel Info: Redefining spanish shorthand "~
(babel)             in language  on input line 76.
Package babel Info: Redefining spanish shorthand "!
(babel)             in language  on input line 76.
Package babel Info: Redefining spanish shorthand "?
(babel)             in language  on input line 76.
 [2]
Package babel Info: Redefining spanish shorthand <<
(babel)             in language  on input line 81.
Package babel Info: Redefining spanish shorthand >>
(babel)             in language  on input line 81.
Package babel Info: Redefining spanish shorthand "=
(babel)             in language  on input line 81.
Package babel Info: Redefining spanish shorthand "~
(babel)             in language  on input line 81.
Package babel Info: Redefining spanish shorthand "!
(babel)             in language  on input line 81.
Package babel Info: Redefining spanish shorthand "?
(babel)             in language  on input line 81.
Package babel Info: Redefining spanish shorthand <<
(babel)             in language  on input line 85.
Package babel Info: Redefining spanish shorthand >>
(babel)             in language  on input line 85.
Package babel Info: Redefining spanish shorthand "=
(babel)             in language  on input line 85.
Package babel Info: Redefining spanish shorthand "~
(babel)             in language  on input line 85.
Package babel Info: Redefining spanish shorthand "!
(babel)             in language  on input line 85.
Package babel Info: Redefining spanish shorthand "?
(babel)             in language  on input line 85.
LaTeX Info: Redefining \. on input line 90.
LaTeX Info: Redefining \% on input line 90.
Package babel Info: Redefining spanish shorthand <<
(babel)             in language  on input line 90.
Package babel Info: Redefining spanish shorthand >>
(babel)             in language  on input line 90.
Package babel Info: Redefining spanish shorthand "=
(babel)             in language  on input line 90.
Package babel Info: Redefining spanish shorthand "~
(babel)             in language  on input line 90.
Package babel Info: Redefining spanish shorthand "!
(babel)             in language  on input line 90.
Package babel Info: Redefining spanish shorthand "?
(babel)             in language  on input line 90.
Package babel Info: Redefining spanish shorthand <<
(babel)             in language  on input line 90.
Package babel Info: Redefining spanish shorthand >>
(babel)             in language  on input line 90.
Package babel Info: Redefining spanish shorthand "=
(babel)             in language  on input line 90.
Package babel Info: Redefining spanish shorthand "~
(babel)             in language  on input line 90.
Package babel Info: Redefining spanish shorthand "!
(babel)             in language  on input line 90.
Package babel Info: Redefining spanish shorthand "?
(babel)             in language  on input line 90.
 [3]
Package babel Info: Redefining spanish shorthand <<
(babel)             in language  on input line 91.
Package babel Info: Redefining spanish shorthand >>
(babel)             in language  on input line 91.
Package babel Info: Redefining spanish shorthand "=
(babel)             in language  on input line 91.
Package babel Info: Redefining spanish shorthand "~
(babel)             in language  on input line 91.
Package babel Info: Redefining spanish shorthand "!
(babel)             in language  on input line 91.
Package babel Info: Redefining spanish shorthand "?
(babel)             in language  on input line 91.
 (./problema1.tex
Package babel Info: Redefining spanish shorthand <<
(babel)             in language  on input line 1.
Package babel Info: Redefining spanish shorthand >>
(babel)             in language  on input line 1.
Package babel Info: Redefining spanish shorthand "=
(babel)             in language  on input line 1.
Package babel Info: Redefining spanish shorthand "~
(babel)             in language  on input line 1.
Package babel Info: Redefining spanish shorthand "!
(babel)             in language  on input line 1.
Package babel Info: Redefining spanish shorthand "?
(babel)             in language  on input line 1.
Package babel Info: Redefining spanish shorthand <<
(babel)             in language  on input line 50.
Package babel Info: Redefining spanish shorthand >>
(babel)             in language  on input line 50.
Package babel Info: Redefining spanish shorthand "=
(babel)             in language  on input line 50.
Package babel Info: Redefining spanish shorthand "~
(babel)             in language  on input line 50.
Package babel Info: Redefining spanish shorthand "!
(babel)             in language  on input line 50.
Package babel Info: Redefining spanish shorthand "?
(babel)             in language  on input line 50.
LaTeX Info: Redefining \. on input line 57.
LaTeX Info: Redefining \% on input line 57.
Package babel Info: Redefining spanish shorthand <<
(babel)             in language  on input line 57.
Package babel Info: Redefining spanish shorthand >>
(babel)             in language  on input line 57.
Package babel Info: Redefining spanish shorthand "=
(babel)             in language  on input line 57.
Package babel Info: Redefining spanish shorthand "~
(babel)             in language  on input line 57.
Package babel Info: Redefining spanish shorthand "!
(babel)             in language  on input line 57.
Package babel Info: Redefining spanish shorthand "?
(babel)             in language  on input line 57.
Package babel Info: Redefining spanish shorthand <<
(babel)             in language  on input line 57.
Package babel Info: Redefining spanish shorthand >>
(babel)             in language  on input line 57.
Package babel Info: Redefining spanish shorthand "=
(babel)             in language  on input line 57.
Package babel Info: Redefining spanish shorthand "~
(babel)             in language  on input line 57.
Package babel Info: Redefining spanish shorthand "!
(babel)             in language  on input line 57.
Package babel Info: Redefining spanish shorthand "?
(babel)             in language  on input line 57.
 [4]
LaTeX Font Info:    Try loading font information for OMS+bch on input line 61.

(/usr/share/texlive/texmf-dist/tex/latex/psnfss/omsbch.fd
File: omsbch.fd 
)
LaTeX Font Info:    Font shape `OMS/bch/m/n' in size <10> not available
(Font)              Font shape `OMS/cmsy/m/n' tried instead on input line 61.
LaTeX Info: Redefining \. on input line 91.
LaTeX Info: Redefining \% on input line 91.
Package babel Info: Redefining spanish shorthand <<
(babel)             in language  on input line 91.
Package babel Info: Redefining spanish shorthand >>
(babel)             in language  on input line 91.
Package babel Info: Redefining spanish shorthand "=
(babel)             in language  on input line 91.
Package babel Info: Redefining spanish shorthand "~
(babel)             in language  on input line 91.
Package babel Info: Redefining spanish shorthand "!
(babel)             in language  on input line 91.
Package babel Info: Redefining spanish shorthand "?
(babel)             in language  on input line 91.
Package babel Info: Redefining spanish shorthand <<
(babel)             in language  on input line 91.
Package babel Info: Redefining spanish shorthand >>
(babel)             in language  on input line 91.
Package babel Info: Redefining spanish shorthand "=
(babel)             in language  on input line 91.
Package babel Info: Redefining spanish shorthand "~
(babel)             in language  on input line 91.
Package babel Info: Redefining spanish shorthand "!
(babel)             in language  on input line 91.
Package babel Info: Redefining spanish shorthand "?
(babel)             in language  on input line 91.
 [5]
LaTeX Info: Redefining \. on input line 117.
LaTeX Info: Redefining \% on input line 117.
Package babel Info: Redefining spanish shorthand <<
(babel)             in language  on input line 117.
Package babel Info: Redefining spanish shorthand >>
(babel)             in language  on input line 117.
Package babel Info: Redefining spanish shorthand "=
(babel)             in language  on input line 117.
Package babel Info: Redefining spanish shorthand "~
(babel)             in language  on input line 117.
Package babel Info: Redefining spanish shorthand "!
(babel)             in language  on input line 117.
Package babel Info: Redefining spanish shorthand "?
(babel)             in language  on input line 117.
Package babel Info: Redefining spanish shorthand <<
(babel)             in language  on input line 117.
Package babel Info: Redefining spanish shorthand >>
(babel)             in language  on input line 117.
Package babel Info: Redefining spanish shorthand "=
(babel)             in language  on input line 117.
Package babel Info: Redefining spanish shorthand "~
(babel)             in language  on input line 117.
Package babel Info: Redefining spanish shorthand "!
(babel)             in language  on input line 117.
Package babel Info: Redefining spanish shorthand "?
(babel)             in language  on input line 117.
 [6]
Package babel Info: Redefining spanish shorthand <<
(babel)             in language  on input line 125.
Package babel Info: Redefining spanish shorthand >>
(babel)             in language  on input line 125.
Package babel Info: Redefining spanish shorthand "=
(babel)             in language  on input line 125.
Package babel Info: Redefining spanish shorthand "~
(babel)             in language  on input line 125.
Package babel Info: Redefining spanish shorthand "!
(babel)             in language  on input line 125.
Package babel Info: Redefining spanish shorthand "?
(babel)             in language  on input line 125.
LaTeX Info: Redefining \. on input line 186.
LaTeX Info: Redefining \% on input line 186.
Package babel Info: Redefining spanish shorthand <<
(babel)             in language  on input line 186.
Package babel Info: Redefining spanish shorthand >>
(babel)             in language  on input line 186.
Package babel Info: Redefining spanish shorthand "=
(babel)             in language  on input line 186.
Package babel Info: Redefining spanish shorthand "~
(babel)             in language  on input line 186.
Package babel Info: Redefining spanish shorthand "!
(babel)             in language  on input line 186.
Package babel Info: Redefining spanish shorthand "?
(babel)             in language  on input line 186.
Package babel Info: Redefining spanish shorthand <<
(babel)             in language  on input line 186.
Package babel Info: Redefining spanish shorthand >>
(babel)             in language  on input line 186.
Package babel Info: Redefining spanish shorthand "=
(babel)             in language  on input line 186.
Package babel Info: Redefining spanish shorthand "~
(babel)             in language  on input line 186.
Package babel Info: Redefining spanish shorthand "!
(babel)             in language  on input line 186.
Package babel Info: Redefining spanish shorthand "?
(babel)             in language  on input line 186.
 [7]
Package babel Info: Redefining spanish shorthand <<
(babel)             in language  on input line 214.
Package babel Info: Redefining spanish shorthand >>
(babel)             in language  on input line 214.
Package babel Info: Redefining spanish shorthand "=
(babel)             in language  on input line 214.
Package babel Info: Redefining spanish shorthand "~
(babel)             in language  on input line 214.
Package babel Info: Redefining spanish shorthand "!
(babel)             in language  on input line 214.
Package babel Info: Redefining spanish shorthand "?
(babel)             in language  on input line 214.
Package babel Info: Redefining spanish shorthand <<
(babel)             in language  on input line 218.
Package babel Info: Redefining spanish shorthand >>
(babel)             in language  on input line 218.
Package babel Info: Redefining spanish shorthand "=
(babel)             in language  on input line 218.
Package babel Info: Redefining spanish shorthand "~
(babel)             in language  on input line 218.
Package babel Info: Redefining spanish shorthand "!
(babel)             in language  on input line 218.
Package babel Info: Redefining spanish shorthand "?
(babel)             in language  on input line 218.

<imagenes/1A.png, id=244, 586.1097pt x 354.8457pt>
File: imagenes/1A.png Graphic file (type png)
 <use imagenes/1A.png>
Package pdftex.def Info: imagenes/1A.png used on input line 222.
(pdftex.def)             Requested size: 293.05412pt x 177.42241pt.


LaTeX Warning: File `imagenes/1B km.png' not found on input line 229.

<imagenes/1B km.png, id=246, 586.1097pt x 354.8457pt>
File: imagenes/1B km.png Graphic file (type png)
 <use imagenes/1B km.png>
Package pdftex.def Info: imagenes/1B km.png used on input line 229.
(pdftex.def)             Requested size: 293.05412pt x 177.42241pt.


LaTeX Warning: File `imagenes/1B kb.png' not found on input line 236.

<imagenes/1B kb.png, id=247, 586.1097pt x 354.8457pt>
File: imagenes/1B kb.png Graphic file (type png)
 <use imagenes/1B kb.png>
Package pdftex.def Info: imagenes/1B kb.png used on input line 236.
(pdftex.def)             Requested size: 293.05412pt x 177.42241pt.
LaTeX Info: Redefining \. on input line 242.
LaTeX Info: Redefining \% on input line 242.
Package babel Info: Redefining spanish shorthand <<
(babel)             in language  on input line 242.
Package babel Info: Redefining spanish shorthand >>
(babel)             in language  on input line 242.
Package babel Info: Redefining spanish shorthand "=
(babel)             in language  on input line 242.
Package babel Info: Redefining spanish shorthand "~
(babel)             in language  on input line 242.
Package babel Info: Redefining spanish shorthand "!
(babel)             in language  on input line 242.
Package babel Info: Redefining spanish shorthand "?
(babel)             in language  on input line 242.
Package babel Info: Redefining spanish shorthand <<
(babel)             in language  on input line 242.
Package babel Info: Redefining spanish shorthand >>
(babel)             in language  on input line 242.
Package babel Info: Redefining spanish shorthand "=
(babel)             in language  on input line 242.
Package babel Info: Redefining spanish shorthand "~
(babel)             in language  on input line 242.
Package babel Info: Redefining spanish shorthand "!
(babel)             in language  on input line 242.
Package babel Info: Redefining spanish shorthand "?
(babel)             in language  on input line 242.

[8]
Package babel Info: Redefining spanish shorthand <<
(babel)             in language  on input line 250.
Package babel Info: Redefining spanish shorthand >>
(babel)             in language  on input line 250.
Package babel Info: Redefining spanish shorthand "=
(babel)             in language  on input line 250.
Package babel Info: Redefining spanish shorthand "~
(babel)             in language  on input line 250.
Package babel Info: Redefining spanish shorthand "!
(babel)             in language  on input line 250.
Package babel Info: Redefining spanish shorthand "?
(babel)             in language  on input line 250.
 <imagenes/1C.png, id=254, 586.1097pt x 354.8457pt>
File: imagenes/1C.png Graphic file (type png)
 <use imagenes/1C.png>
Package pdftex.def Info: imagenes/1C.png used on input line 254.
(pdftex.def)             Requested size: 293.05412pt x 177.42241pt.
)
LaTeX Info: Redefining \. on input line 94.
LaTeX Info: Redefining \% on input line 94.
Package babel Info: Redefining spanish shorthand <<
(babel)             in language  on input line 94.
Package babel Info: Redefining spanish shorthand >>
(babel)             in language  on input line 94.
Package babel Info: Redefining spanish shorthand "=
(babel)             in language  on input line 94.
Package babel Info: Redefining spanish shorthand "~
(babel)             in language  on input line 94.
Package babel Info: Redefining spanish shorthand "!
(babel)             in language  on input line 94.
Package babel Info: Redefining spanish shorthand "?
(babel)             in language  on input line 94.
Package babel Info: Redefining spanish shorthand <<
(babel)             in language  on input line 94.
Package babel Info: Redefining spanish shorthand >>
(babel)             in language  on input line 94.
Package babel Info: Redefining spanish shorthand "=
(babel)             in language  on input line 94.
Package babel Info: Redefining spanish shorthand "~
(babel)             in language  on input line 94.
Package babel Info: Redefining spanish shorthand "!
(babel)             in language  on input line 94.
Package babel Info: Redefining spanish shorthand "?
(babel)             in language  on input line 94.

[9 <./imagenes/1A.png> <./imagenes/1B km.png>]
Package babel Info: Redefining spanish shorthand <<
(babel)             in language  on input line 95.
Package babel Info: Redefining spanish shorthand >>
(babel)             in language  on input line 95.
Package babel Info: Redefining spanish shorthand "=
(babel)             in language  on input line 95.
Package babel Info: Redefining spanish shorthand "~
(babel)             in language  on input line 95.
Package babel Info: Redefining spanish shorthand "!
(babel)             in language  on input line 95.
Package babel Info: Redefining spanish shorthand "?
(babel)             in language  on input line 95.
 (./problema2.tex
Package babel Info: Redefining spanish shorthand <<
(babel)             in language  on input line 1.
Package babel Info: Redefining spanish shorthand >>
(babel)             in language  on input line 1.
Package babel Info: Redefining spanish shorthand "=
(babel)             in language  on input line 1.
Package babel Info: Redefining spanish shorthand "~
(babel)             in language  on input line 1.
Package babel Info: Redefining spanish shorthand "!
(babel)             in language  on input line 1.
Package babel Info: Redefining spanish shorthand "?
(babel)             in language  on input line 1.
LaTeX Info: Redefining \. on input line 14.
LaTeX Info: Redefining \% on input line 14.
Package babel Info: Redefining spanish shorthand <<
(babel)             in language  on input line 14.
Package babel Info: Redefining spanish shorthand >>
(babel)             in language  on input line 14.
Package babel Info: Redefining spanish shorthand "=
(babel)             in language  on input line 14.
Package babel Info: Redefining spanish shorthand "~
(babel)             in language  on input line 14.
Package babel Info: Redefining spanish shorthand "!
(babel)             in language  on input line 14.
Package babel Info: Redefining spanish shorthand "?
(babel)             in language  on input line 14.
Package babel Info: Redefining spanish shorthand <<
(babel)             in language  on input line 14.
Package babel Info: Redefining spanish shorthand >>
(babel)             in language  on input line 14.
Package babel Info: Redefining spanish shorthand "=
(babel)             in language  on input line 14.
Package babel Info: Redefining spanish shorthand "~
(babel)             in language  on input line 14.
Package babel Info: Redefining spanish shorthand "!
(babel)             in language  on input line 14.
Package babel Info: Redefining spanish shorthand "?
(babel)             in language  on input line 14.
 [10 <./imagenes/1B kb.png> <./imagenes/1C.png>]
<imagenes/ejemplozombie.jpeg, id=272, 438.13687pt x 240.14719pt>
File: imagenes/ejemplozombie.jpeg Graphic file (type jpg)

<use imagenes/ejemplozombie.jpeg>
Package pdftex.def Info: imagenes/ejemplozombie.jpeg used on input line 43.
(pdftex.def)             Requested size: 219.06789pt x 120.07329pt.

<imagenes/ejemplozombieres.jpeg, id=273, 441.90094pt x 246.9225pt>
File: imagenes/ejemplozombieres.jpeg Graphic file (type jpg)

<use imagenes/ejemplozombieres.jpeg>
Package pdftex.def Info: imagenes/ejemplozombieres.jpeg used on input line 47.
(pdftex.def)             Requested size: 220.94992pt x 123.46094pt.
Package babel Info: Redefining spanish shorthand <<
(babel)             in language  on input line 56.
Package babel Info: Redefining spanish shorthand >>
(babel)             in language  on input line 56.
Package babel Info: Redefining spanish shorthand "=
(babel)             in language  on input line 56.
Package babel Info: Redefining spanish shorthand "~
(babel)             in language  on input line 56.
Package babel Info: Redefining spanish shorthand "!
(babel)             in language  on input line 56.
Package babel Info: Redefining spanish shorthand "?
(babel)             in language  on input line 56.
LaTeX Info: Redefining \. on input line 65.
LaTeX Info: Redefining \% on input line 65.
Package babel Info: Redefining spanish shorthand <<
(babel)             in language  on input line 65.
Package babel Info: Redefining spanish shorthand >>
(babel)             in language  on input line 65.
Package babel Info: Redefining spanish shorthand "=
(babel)             in language  on input line 65.
Package babel Info: Redefining spanish shorthand "~
(babel)             in language  on input line 65.
Package babel Info: Redefining spanish shorthand "!
(babel)             in language  on input line 65.
Package babel Info: Redefining spanish shorthand "?
(babel)             in language  on input line 65.
Package babel Info: Redefining spanish shorthand <<
(babel)             in language  on input line 65.
Package babel Info: Redefining spanish shorthand >>
(babel)             in language  on input line 65.
Package babel Info: Redefining spanish shorthand "=
(babel)             in language  on input line 65.
Package babel Info: Redefining spanish shorthand "~
(babel)             in language  on input line 65.
Package babel Info: Redefining spanish shorthand "!
(babel)             in language  on input line 65.
Package babel Info: Redefining spanish shorthand "?
(babel)             in language  on input line 65.
 [11 <./imagenes/ejemplozombie.jpeg> <./imagenes/ejemplozombieres.jpeg>]
<imagenes/ejzombie0.jpeg, id=289, 440.39531pt x 260.47313pt>
File: imagenes/ejzombie0.jpeg Graphic file (type jpg)

<use imagenes/ejzombie0.jpeg>
Package pdftex.def Info: imagenes/ejzombie0.jpeg used on input line 78.
(pdftex.def)             Requested size: 220.19711pt x 130.23624pt.

<imagenes/ejzombie1.jpeg, id=290, 441.90094pt x 259.7203pt>
File: imagenes/ejzombie1.jpeg Graphic file (type jpg)

<use imagenes/ejzombie1.jpeg>
Package pdftex.def Info: imagenes/ejzombie1.jpeg used on input line 82.
(pdftex.def)             Requested size: 220.94992pt x 129.85983pt.

<imagenes/ejzombie2.jpeg, id=293, 439.6425pt x 259.7203pt>
File: imagenes/ejzombie2.jpeg Graphic file (type jpg)

<use imagenes/ejzombie2.jpeg>
Package pdftex.def Info: imagenes/ejzombie2.jpeg used on input line 86.
(pdftex.def)             Requested size: 219.82071pt x 129.85983pt.

<imagenes/ejzombie3.jpeg, id=296, 439.6425pt x 259.7203pt>
File: imagenes/ejzombie3.jpeg Graphic file (type jpg)

<use imagenes/ejzombie3.jpeg>
Package pdftex.def Info: imagenes/ejzombie3.jpeg used on input line 90.
(pdftex.def)             Requested size: 219.82071pt x 129.85983pt.

<imagenes/ejzombie4.jpeg, id=299, 439.6425pt x 259.7203pt>
File: imagenes/ejzombie4.jpeg Graphic file (type jpg)

<use imagenes/ejzombie4.jpeg>
Package pdftex.def Info: imagenes/ejzombie4.jpeg used on input line 94.
(pdftex.def)             Requested size: 219.82071pt x 129.85983pt.
Package babel Info: Redefining spanish shorthand <<
(babel)             in language  on input line 112.
Package babel Info: Redefining spanish shorthand >>
(babel)             in language  on input line 112.
Package babel Info: Redefining spanish shorthand "=
(babel)             in language  on input line 112.
Package babel Info: Redefining spanish shorthand "~
(babel)             in language  on input line 112.
Package babel Info: Redefining spanish shorthand "!
(babel)             in language  on input line 112.
Package babel Info: Redefining spanish shorthand "?
(babel)             in language  on input line 112.
LaTeX Info: Redefining \. on input line 124.
LaTeX Info: Redefining \% on input line 124.
Package babel Info: Redefining spanish shorthand <<
(babel)             in language  on input line 124.
Package babel Info: Redefining spanish shorthand >>
(babel)             in language  on input line 124.
Package babel Info: Redefining spanish shorthand "=
(babel)             in language  on input line 124.
Package babel Info: Redefining spanish shorthand "~
(babel)             in language  on input line 124.
Package babel Info: Redefining spanish shorthand "!
(babel)             in language  on input line 124.
Package babel Info: Redefining spanish shorthand "?
(babel)             in language  on input line 124.
Package babel Info: Redefining spanish shorthand <<
(babel)             in language  on input line 124.
Package babel Info: Redefining spanish shorthand >>
(babel)             in language  on input line 124.
Package babel Info: Redefining spanish shorthand "=
(babel)             in language  on input line 124.
Package babel Info: Redefining spanish shorthand "~
(babel)             in language  on input line 124.
Package babel Info: Redefining spanish shorthand "!
(babel)             in language  on input line 124.
Package babel Info: Redefining spanish shorthand "?
(babel)             in language  on input line 124.
 [12]
LaTeX Info: Redefining \. on input line 132.
LaTeX Info: Redefining \% on input line 132.
Package babel Info: Redefining spanish shorthand <<
(babel)             in language  on input line 132.
Package babel Info: Redefining spanish shorthand >>
(babel)             in language  on input line 132.
Package babel Info: Redefining spanish shorthand "=
(babel)             in language  on input line 132.
Package babel Info: Redefining spanish shorthand "~
(babel)             in language  on input line 132.
Package babel Info: Redefining spanish shorthand "!
(babel)             in language  on input line 132.
Package babel Info: Redefining spanish shorthand "?
(babel)             in language  on input line 132.
Package babel Info: Redefining spanish shorthand <<
(babel)             in language  on input line 132.
Package babel Info: Redefining spanish shorthand >>
(babel)             in language  on input line 132.
Package babel Info: Redefining spanish shorthand "=
(babel)             in language  on input line 132.
Package babel Info: Redefining spanish shorthand "~
(babel)             in language  on input line 132.
Package babel Info: Redefining spanish shorthand "!
(babel)             in language  on input line 132.
Package babel Info: Redefining spanish shorthand "?
(babel)             in language  on input line 132.
 [13 <./imagenes/ejzombie0.jpeg> <./imagenes/ejzombie1.jpeg> <./imagenes/ejzomb
ie2.jpeg> <./imagenes/ejzombie3.jpeg> <./imagenes/ejzombie4.jpeg>]
Warning: Indentation ends at level -1 in codebox on page 14.

LaTeX Warning: Float too large for page by 11.22977pt on input line 249.

LaTeX Info: Redefining \. on input line 250.
LaTeX Info: Redefining \% on input line 250.
Package babel Info: Redefining spanish shorthand <<
(babel)             in language  on input line 250.
Package babel Info: Redefining spanish shorthand >>
(babel)             in language  on input line 250.
Package babel Info: Redefining spanish shorthand "=
(babel)             in language  on input line 250.
Package babel Info: Redefining spanish shorthand "~
(babel)             in language  on input line 250.
Package babel Info: Redefining spanish shorthand "!
(babel)             in language  on input line 250.
Package babel Info: Redefining spanish shorthand "?
(babel)             in language  on input line 250.
Package babel Info: Redefining spanish shorthand <<
(babel)             in language  on input line 250.
Package babel Info: Redefining spanish shorthand >>
(babel)             in language  on input line 250.
Package babel Info: Redefining spanish shorthand "=
(babel)             in language  on input line 250.
Package babel Info: Redefining spanish shorthand "~
(babel)             in language  on input line 250.
Package babel Info: Redefining spanish shorthand "!
(babel)             in language  on input line 250.
Package babel Info: Redefining spanish shorthand "?
(babel)             in language  on input line 250.
[14]
LaTeX Info: Redefining \. on input line 250.
LaTeX Info: Redefining \% on input line 250.
Package babel Info: Redefining spanish shorthand <<
(babel)             in language  on input line 250.
Package babel Info: Redefining spanish shorthand >>
(babel)             in language  on input line 250.
Package babel Info: Redefining spanish shorthand "=
(babel)             in language  on input line 250.
Package babel Info: Redefining spanish shorthand "~
(babel)             in language  on input line 250.
Package babel Info: Redefining spanish shorthand "!
(babel)             in language  on input line 250.
Package babel Info: Redefining spanish shorthand "?
(babel)             in language  on input line 250.
Package babel Info: Redefining spanish shorthand <<
(babel)             in language  on input line 250.
Package babel Info: Redefining spanish shorthand >>
(babel)             in language  on input line 250.
Package babel Info: Redefining spanish shorthand "=
(babel)             in language  on input line 250.
Package babel Info: Redefining spanish shorthand "~
(babel)             in language  on input line 250.
Package babel Info: Redefining spanish shorthand "!
(babel)             in language  on input line 250.
Package babel Info: Redefining spanish shorthand "?
(babel)             in language  on input line 250.
 [15]
Package babel Info: Redefining spanish shorthand <<
(babel)             in language  on input line 255.
Package babel Info: Redefining spanish shorthand >>
(babel)             in language  on input line 255.
Package babel Info: Redefining spanish shorthand "=
(babel)             in language  on input line 255.
Package babel Info: Redefining spanish shorthand "~
(babel)             in language  on input line 255.
Package babel Info: Redefining spanish shorthand "!
(babel)             in language  on input line 255.
Package babel Info: Redefining spanish shorthand "?
(babel)             in language  on input line 255.
Package babel Info: Redefining spanish shorthand <<
(babel)             in language  on input line 258.
Package babel Info: Redefining spanish shorthand >>
(babel)             in language  on input line 258.
Package babel Info: Redefining spanish shorthand "=
(babel)             in language  on input line 258.
Package babel Info: Redefining spanish shorthand "~
(babel)             in language  on input line 258.
Package babel Info: Redefining spanish shorthand "!
(babel)             in language  on input line 258.
Package babel Info: Redefining spanish shorthand "?
(babel)             in language  on input line 258.


LaTeX Warning: File `imagenes/1-nosesalvanadie-div-logn.jpg' not found on input
 line 263.


! Package pdftex.def Error: File `imagenes/1-nosesalvanadie-div-logn.jpg' not f
ound.

See the pdftex.def package documentation for explanation.
Type  H <return>  for immediate help.
 ...                                              
                                                  
l.263 ...]{imagenes/1-nosesalvanadie-div-logn.jpg}
                                                  
Using draft setting for this image.
Try typing  <return>  to proceed.
If that doesn't work, type  X <return>  to quit.

Package babel Info: Redefining spanish shorthand <<
(babel)             in language  on input line 277.
Package babel Info: Redefining spanish shorthand >>
(babel)             in language  on input line 277.
Package babel Info: Redefining spanish shorthand "=
(babel)             in language  on input line 277.
Package babel Info: Redefining spanish shorthand "~
(babel)             in language  on input line 277.
Package babel Info: Redefining spanish shorthand "!
(babel)             in language  on input line 277.
Package babel Info: Redefining spanish shorthand "?
(babel)             in language  on input line 277.

LaTeX Warning: File `imagenes/1-nosesalvanadie-div-logn.jpg' not found on input
 line 282.


! Package pdftex.def Error: File `imagenes/1-nosesalvanadie-div-logn.jpg' not f
ound.

See the pdftex.def package documentation for explanation.
Type  H <return>  for immediate help.
 ...                                              
                                                  
l.282 ...]{imagenes/1-nosesalvanadie-div-logn.jpg}
                                                  
Using draft setting for this image.
Try typing  <return>  to proceed.
If that doesn't work, type  X <return>  to quit.

Package babel Info: Redefining spanish shorthand <<
(babel)             in language  on input line 291.
Package babel Info: Redefining spanish shorthand >>
(babel)             in language  on input line 291.
Package babel Info: Redefining spanish shorthand "=
(babel)             in language  on input line 291.
Package babel Info: Redefining spanish shorthand "~
(babel)             in language  on input line 291.
Package babel Info: Redefining spanish shorthand "!
(babel)             in language  on input line 291.
Package babel Info: Redefining spanish shorthand "?
(babel)             in language  on input line 291.

LaTeX Warning: File `imagenes/1-nosesalvanadie-div-logn.jpg' not found on input
 line 294.


! Package pdftex.def Error: File `imagenes/1-nosesalvanadie-div-logn.jpg' not f
ound.

See the pdftex.def package documentation for explanation.
Type  H <return>  for immediate help.
 ...                                              
                                                  
l.294 ...]{imagenes/1-nosesalvanadie-div-logn.jpg}
                                                  
Using draft setting for this image.
Try typing  <return>  to proceed.
If that doesn't work, type  X <return>  to quit.

LaTeX Info: Redefining \. on input line 302.
LaTeX Info: Redefining \% on input line 302.
Package babel Info: Redefining spanish shorthand <<
(babel)             in language  on input line 302.
Package babel Info: Redefining spanish shorthand >>
(babel)             in language  on input line 302.
Package babel Info: Redefining spanish shorthand "=
(babel)             in language  on input line 302.
Package babel Info: Redefining spanish shorthand "~
(babel)             in language  on input line 302.
Package babel Info: Redefining spanish shorthand "!
(babel)             in language  on input line 302.
Package babel Info: Redefining spanish shorthand "?
(babel)             in language  on input line 302.
Package babel Info: Redefining spanish shorthand <<
(babel)             in language  on input line 302.
Package babel Info: Redefining spanish shorthand >>
(babel)             in language  on input line 302.
Package babel Info: Redefining spanish shorthand "=
(babel)             in language  on input line 302.
Package babel Info: Redefining spanish shorthand "~
(babel)             in language  on input line 302.
Package babel Info: Redefining spanish shorthand "!
(babel)             in language  on input line 302.
Package babel Info: Redefining spanish shorthand "?
(babel)             in language  on input line 302.
[16

]
LaTeX Info: Redefining \. on input line 305.
LaTeX Info: Redefining \% on input line 305.
Package babel Info: Redefining spanish shorthand <<
(babel)             in language  on input line 305.
Package babel Info: Redefining spanish shorthand >>
(babel)             in language  on input line 305.
Package babel Info: Redefining spanish shorthand "=
(babel)             in language  on input line 305.
Package babel Info: Redefining spanish shorthand "~
(babel)             in language  on input line 305.
Package babel Info: Redefining spanish shorthand "!
(babel)             in language  on input line 305.
Package babel Info: Redefining spanish shorthand "?
(babel)             in language  on input line 305.
Package babel Info: Redefining spanish shorthand <<
(babel)             in language  on input line 305.
Package babel Info: Redefining spanish shorthand >>
(babel)             in language  on input line 305.
Package babel Info: Redefining spanish shorthand "=
(babel)             in language  on input line 305.
Package babel Info: Redefining spanish shorthand "~
(babel)             in language  on input line 305.
Package babel Info: Redefining spanish shorthand "!
(babel)             in language  on input line 305.
Package babel Info: Redefining spanish shorthand "?
(babel)             in language  on input line 305.
 [17])
Package babel Info: Redefining spanish shorthand <<
(babel)             in language  on input line 99.
Package babel Info: Redefining spanish shorthand >>
(babel)             in language  on input line 99.
Package babel Info: Redefining spanish shorthand "=
(babel)             in language  on input line 99.
Package babel Info: Redefining spanish shorthand "~
(babel)             in language  on input line 99.
Package babel Info: Redefining spanish shorthand "!
(babel)             in language  on input line 99.
Package babel Info: Redefining spanish shorthand "?
(babel)             in language  on input line 99.
 (./problema3.tex
Package babel Info: Redefining spanish shorthand <<
(babel)             in language  on input line 1.
Package babel Info: Redefining spanish shorthand >>
(babel)             in language  on input line 1.
Package babel Info: Redefining spanish shorthand "=
(babel)             in language  on input line 1.
Package babel Info: Redefining spanish shorthand "~
(babel)             in language  on input line 1.
Package babel Info: Redefining spanish shorthand "!
(babel)             in language  on input line 1.
Package babel Info: Redefining spanish shorthand "?
(babel)             in language  on input line 1.

<imagenes/ejemplopetroleo.jpeg, id=339, 310.91156pt x 296.60812pt>
File: imagenes/ejemplopetroleo.jpeg Graphic file (type jpg)

<use imagenes/ejemplopetroleo.jpeg>
Package pdftex.def Info: imagenes/ejemplopetroleo.jpeg used on input line 24.
(pdftex.def)             Requested size: 155.45538pt x 148.3037pt.

<imagenes/ejemplopetroleores.jpeg, id=340, 321.45094pt x 310.15875pt>
File: imagenes/ejemplopetroleores.jpeg Graphic file (type jpg)

<use imagenes/ejemplopetroleores.jpeg>
Package pdftex.def Info: imagenes/ejemplopetroleores.jpeg used on input line 30
.
(pdftex.def)             Requested size: 160.72507pt x 155.079pt.
Package babel Info: Redefining spanish shorthand <<
(babel)             in language  on input line 40.
Package babel Info: Redefining spanish shorthand >>
(babel)             in language  on input line 40.
Package babel Info: Redefining spanish shorthand "=
(babel)             in language  on input line 40.
Package babel Info: Redefining spanish shorthand "~
(babel)             in language  on input line 40.
Package babel Info: Redefining spanish shorthand "!
(babel)             in language  on input line 40.
Package babel Info: Redefining spanish shorthand "?
(babel)             in language  on input line 40.
LaTeX Info: Redefining \. on input line 45.
LaTeX Info: Redefining \% on input line 45.
Package babel Info: Redefining spanish shorthand <<
(babel)             in language  on input line 45.
Package babel Info: Redefining spanish shorthand >>
(babel)             in language  on input line 45.
Package babel Info: Redefining spanish shorthand "=
(babel)             in language  on input line 45.
Package babel Info: Redefining spanish shorthand "~
(babel)             in language  on input line 45.
Package babel Info: Redefining spanish shorthand "!
(babel)             in language  on input line 45.
Package babel Info: Redefining spanish shorthand "?
(babel)             in language  on input line 45.
Package babel Info: Redefining spanish shorthand <<
(babel)             in language  on input line 45.
Package babel Info: Redefining spanish shorthand >>
(babel)             in language  on input line 45.
Package babel Info: Redefining spanish shorthand "=
(babel)             in language  on input line 45.
Package babel Info: Redefining spanish shorthand "~
(babel)             in language  on input line 45.
Package babel Info: Redefining spanish shorthand "!
(babel)             in language  on input line 45.
Package babel Info: Redefining spanish shorthand "?
(babel)             in language  on input line 45.
 [18 <./imagenes/ejemplopetroleo.jpeg> <./imagenes/ejemplopetroleores.jpeg>]
LaTeX Info: Redefining \. on input line 68.
LaTeX Info: Redefining \% on input line 68.
Package babel Info: Redefining spanish shorthand <<
(babel)             in language  on input line 68.
Package babel Info: Redefining spanish shorthand >>
(babel)             in language  on input line 68.
Package babel Info: Redefining spanish shorthand "=
(babel)             in language  on input line 68.
Package babel Info: Redefining spanish shorthand "~
(babel)             in language  on input line 68.
Package babel Info: Redefining spanish shorthand "!
(babel)             in language  on input line 68.
Package babel Info: Redefining spanish shorthand "?
(babel)             in language  on input line 68.
Package babel Info: Redefining spanish shorthand <<
(babel)             in language  on input line 68.
Package babel Info: Redefining spanish shorthand >>
(babel)             in language  on input line 68.
Package babel Info: Redefining spanish shorthand "=
(babel)             in language  on input line 68.
Package babel Info: Redefining spanish shorthand "~
(babel)             in language  on input line 68.
Package babel Info: Redefining spanish shorthand "!
(babel)             in language  on input line 68.
Package babel Info: Redefining spanish shorthand "?
(babel)             in language  on input line 68.
 [19]
LaTeX Info: Redefining \. on input line 94.
LaTeX Info: Redefining \% on input line 94.
Package babel Info: Redefining spanish shorthand <<
(babel)             in language  on input line 94.
Package babel Info: Redefining spanish shorthand >>
(babel)             in language  on input line 94.
Package babel Info: Redefining spanish shorthand "=
(babel)             in language  on input line 94.
Package babel Info: Redefining spanish shorthand "~
(babel)             in language  on input line 94.
Package babel Info: Redefining spanish shorthand "!
(babel)             in language  on input line 94.
Package babel Info: Redefining spanish shorthand "?
(babel)             in language  on input line 94.
Package babel Info: Redefining spanish shorthand <<
(babel)             in language  on input line 94.
Package babel Info: Redefining spanish shorthand >>
(babel)             in language  on input line 94.
Package babel Info: Redefining spanish shorthand "=
(babel)             in language  on input line 94.
Package babel Info: Redefining spanish shorthand "~
(babel)             in language  on input line 94.
Package babel Info: Redefining spanish shorthand "!
(babel)             in language  on input line 94.
Package babel Info: Redefining spanish shorthand "?
(babel)             in language  on input line 94.
 [20]
Package babel Info: Redefining spanish shorthand <<
(babel)             in language  on input line 100.
Package babel Info: Redefining spanish shorthand >>
(babel)             in language  on input line 100.
Package babel Info: Redefining spanish shorthand "=
(babel)             in language  on input line 100.
Package babel Info: Redefining spanish shorthand "~
(babel)             in language  on input line 100.
Package babel Info: Redefining spanish shorthand "!
(babel)             in language  on input line 100.
Package babel Info: Redefining spanish shorthand "?
(babel)             in language  on input line 100.
LaTeX Info: Redefining \. on input line 125.
LaTeX Info: Redefining \% on input line 125.
Package babel Info: Redefining spanish shorthand <<
(babel)             in language  on input line 125.
Package babel Info: Redefining spanish shorthand >>
(babel)             in language  on input line 125.
Package babel Info: Redefining spanish shorthand "=
(babel)             in language  on input line 125.
Package babel Info: Redefining spanish shorthand "~
(babel)             in language  on input line 125.
Package babel Info: Redefining spanish shorthand "!
(babel)             in language  on input line 125.
Package babel Info: Redefining spanish shorthand "?
(babel)             in language  on input line 125.
Package babel Info: Redefining spanish shorthand <<
(babel)             in language  on input line 125.
Package babel Info: Redefining spanish shorthand >>
(babel)             in language  on input line 125.
Package babel Info: Redefining spanish shorthand "=
(babel)             in language  on input line 125.
Package babel Info: Redefining spanish shorthand "~
(babel)             in language  on input line 125.
Package babel Info: Redefining spanish shorthand "!
(babel)             in language  on input line 125.
Package babel Info: Redefining spanish shorthand "?
(babel)             in language  on input line 125.
 [21]
Package babel Info: Redefining spanish shorthand <<
(babel)             in language  on input line 221.
Package babel Info: Redefining spanish shorthand >>
(babel)             in language  on input line 221.
Package babel Info: Redefining spanish shorthand "=
(babel)             in language  on input line 221.
Package babel Info: Redefining spanish shorthand "~
(babel)             in language  on input line 221.
Package babel Info: Redefining spanish shorthand "!
(babel)             in language  on input line 221.
Package babel Info: Redefining spanish shorthand "?
(babel)             in language  on input line 221.
Package babel Info: Redefining spanish shorthand <<
(babel)             in language  on input line 226.
Package babel Info: Redefining spanish shorthand >>
(babel)             in language  on input line 226.
Package babel Info: Redefining spanish shorthand "=
(babel)             in language  on input line 226.
Package babel Info: Redefining spanish shorthand "~
(babel)             in language  on input line 226.
Package babel Info: Redefining spanish shorthand "!
(babel)             in language  on input line 226.
Package babel Info: Redefining spanish shorthand "?
(babel)             in language  on input line 226.
LaTeX Info: Redefining \. on input line 230.
LaTeX Info: Redefining \% on input line 230.
Package babel Info: Redefining spanish shorthand <<
(babel)             in language  on input line 230.
Package babel Info: Redefining spanish shorthand >>
(babel)             in language  on input line 230.
Package babel Info: Redefining spanish shorthand "=
(babel)             in language  on input line 230.
Package babel Info: Redefining spanish shorthand "~
(babel)             in language  on input line 230.
Package babel Info: Redefining spanish shorthand "!
(babel)             in language  on input line 230.
Package babel Info: Redefining spanish shorthand "?
(babel)             in language  on input line 230.
Package babel Info: Redefining spanish shorthand <<
(babel)             in language  on input line 230.
Package babel Info: Redefining spanish shorthand >>
(babel)             in language  on input line 230.
Package babel Info: Redefining spanish shorthand "=
(babel)             in language  on input line 230.
Package babel Info: Redefining spanish shorthand "~
(babel)             in language  on input line 230.
Package babel Info: Redefining spanish shorthand "!
(babel)             in language  on input line 230.
Package babel Info: Redefining spanish shorthand "?
(babel)             in language  on input line 230.
 [22]
Package babel Info: Redefining spanish shorthand <<
(babel)             in language  on input line 234.
Package babel Info: Redefining spanish shorthand >>
(babel)             in language  on input line 234.
Package babel Info: Redefining spanish shorthand "=
(babel)             in language  on input line 234.
Package babel Info: Redefining spanish shorthand "~
(babel)             in language  on input line 234.
Package babel Info: Redefining spanish shorthand "!
(babel)             in language  on input line 234.
Package babel Info: Redefining spanish shorthand "?
(babel)             in language  on input line 234.
Package babel Info: Redefining spanish shorthand <<
(babel)             in language  on input line 244.
Package babel Info: Redefining spanish shorthand >>
(babel)             in language  on input line 244.
Package babel Info: Redefining spanish shorthand "=
(babel)             in language  on input line 244.
Package babel Info: Redefining spanish shorthand "~
(babel)             in language  on input line 244.
Package babel Info: Redefining spanish shorthand "!
(babel)             in language  on input line 244.
Package babel Info: Redefining spanish shorthand "?
(babel)             in language  on input line 244.
)
LaTeX Info: Redefining \. on input line 103.
LaTeX Info: Redefining \% on input line 103.
Package babel Info: Redefining spanish shorthand <<
(babel)             in language  on input line 103.
Package babel Info: Redefining spanish shorthand >>
(babel)             in language  on input line 103.
Package babel Info: Redefining spanish shorthand "=
(babel)             in language  on input line 103.
Package babel Info: Redefining spanish shorthand "~
(babel)             in language  on input line 103.
Package babel Info: Redefining spanish shorthand "!
(babel)             in language  on input line 103.
Package babel Info: Redefining spanish shorthand "?
(babel)             in language  on input line 103.
Package babel Info: Redefining spanish shorthand <<
(babel)             in language  on input line 103.
Package babel Info: Redefining spanish shorthand >>
(babel)             in language  on input line 103.
Package babel Info: Redefining spanish shorthand "=
(babel)             in language  on input line 103.
Package babel Info: Redefining spanish shorthand "~
(babel)             in language  on input line 103.
Package babel Info: Redefining spanish shorthand "!
(babel)             in language  on input line 103.
Package babel Info: Redefining spanish shorthand "?
(babel)             in language  on input line 103.
 [23]
Package babel Info: Redefining spanish shorthand <<
(babel)             in language  on input line 104.
Package babel Info: Redefining spanish shorthand >>
(babel)             in language  on input line 104.
Package babel Info: Redefining spanish shorthand "=
(babel)             in language  on input line 104.
Package babel Info: Redefining spanish shorthand "~
(babel)             in language  on input line 104.
Package babel Info: Redefining spanish shorthand "!
(babel)             in language  on input line 104.
Package babel Info: Redefining spanish shorthand "?
(babel)             in language  on input line 104.
LaTeX Info: Redefining \. on input line 107.
LaTeX Info: Redefining \% on input line 107.
Package babel Info: Redefining spanish shorthand <<
(babel)             in language  on input line 107.
Package babel Info: Redefining spanish shorthand >>
(babel)             in language  on input line 107.
Package babel Info: Redefining spanish shorthand "=
(babel)             in language  on input line 107.
Package babel Info: Redefining spanish shorthand "~
(babel)             in language  on input line 107.
Package babel Info: Redefining spanish shorthand "!
(babel)             in language  on input line 107.
Package babel Info: Redefining spanish shorthand "?
(babel)             in language  on input line 107.
Package babel Info: Redefining spanish shorthand <<
(babel)             in language  on input line 107.
Package babel Info: Redefining spanish shorthand >>
(babel)             in language  on input line 107.
Package babel Info: Redefining spanish shorthand "=
(babel)             in language  on input line 107.
Package babel Info: Redefining spanish shorthand "~
(babel)             in language  on input line 107.
Package babel Info: Redefining spanish shorthand "!
(babel)             in language  on input line 107.
Package babel Info: Redefining spanish shorthand "?
(babel)             in language  on input line 107.
 [24]
Package babel Info: Redefining spanish shorthand <<
(babel)             in language  on input line 108.
Package babel Info: Redefining spanish shorthand >>
(babel)             in language  on input line 108.
Package babel Info: Redefining spanish shorthand "=
(babel)             in language  on input line 108.
Package babel Info: Redefining spanish shorthand "~
(babel)             in language  on input line 108.
Package babel Info: Redefining spanish shorthand "!
(babel)             in language  on input line 108.
Package babel Info: Redefining spanish shorthand "?
(babel)             in language  on input line 108.
Package babel Info: Redefining spanish shorthand <<
(babel)             in language  on input line 111.
Package babel Info: Redefining spanish shorthand >>
(babel)             in language  on input line 111.
Package babel Info: Redefining spanish shorthand "=
(babel)             in language  on input line 111.
Package babel Info: Redefining spanish shorthand "~
(babel)             in language  on input line 111.
Package babel Info: Redefining spanish shorthand "!
(babel)             in language  on input line 111.
Package babel Info: Redefining spanish shorthand "?
(babel)             in language  on input line 111.
LaTeX Font Info:    Font shape `OMS/bch/m/n' in size <8> not available
(Font)              Font shape `OMS/cmsy/m/n' tried instead on input line 113.
LaTeX Font Info:    Try loading font information for OML+bch on input line 128.


(/usr/share/texlive/texmf-dist/tex/latex/psnfss/omlbch.fd
File: omlbch.fd 
)
LaTeX Font Info:    Font shape `OML/bch/m/n' in size <8> not available
(Font)              Font shape `OML/cmm/m/it' tried instead on input line 128.
LaTeX Info: Redefining \. on input line 170.
LaTeX Info: Redefining \% on input line 170.
Package babel Info: Redefining spanish shorthand <<
(babel)             in language  on input line 170.
Package babel Info: Redefining spanish shorthand >>
(babel)             in language  on input line 170.
Package babel Info: Redefining spanish shorthand "=
(babel)             in language  on input line 170.
Package babel Info: Redefining spanish shorthand "~
(babel)             in language  on input line 170.
Package babel Info: Redefining spanish shorthand "!
(babel)             in language  on input line 170.
Package babel Info: Redefining spanish shorthand "?
(babel)             in language  on input line 170.
Package babel Info: Redefining spanish shorthand <<
(babel)             in language  on input line 170.
Package babel Info: Redefining spanish shorthand >>
(babel)             in language  on input line 170.
Package babel Info: Redefining spanish shorthand "=
(babel)             in language  on input line 170.
Package babel Info: Redefining spanish shorthand "~
(babel)             in language  on input line 170.
Package babel Info: Redefining spanish shorthand "!
(babel)             in language  on input line 170.
Package babel Info: Redefining spanish shorthand "?
(babel)             in language  on input line 170.
 [25]
Package babel Info: Redefining spanish shorthand <<
(babel)             in language  on input line 213.
Package babel Info: Redefining spanish shorthand >>
(babel)             in language  on input line 213.
Package babel Info: Redefining spanish shorthand "=
(babel)             in language  on input line 213.
Package babel Info: Redefining spanish shorthand "~
(babel)             in language  on input line 213.
Package babel Info: Redefining spanish shorthand "!
(babel)             in language  on input line 213.
Package babel Info: Redefining spanish shorthand "?
(babel)             in language  on input line 213.
LaTeX Info: Redefining \. on input line 243.
LaTeX Info: Redefining \% on input line 243.
Package babel Info: Redefining spanish shorthand <<
(babel)             in language  on input line 243.
Package babel Info: Redefining spanish shorthand >>
(babel)             in language  on input line 243.
Package babel Info: Redefining spanish shorthand "=
(babel)             in language  on input line 243.
Package babel Info: Redefining spanish shorthand "~
(babel)             in language  on input line 243.
Package babel Info: Redefining spanish shorthand "!
(babel)             in language  on input line 243.
Package babel Info: Redefining spanish shorthand "?
(babel)             in language  on input line 243.
Package babel Info: Redefining spanish shorthand <<
(babel)             in language  on input line 243.
Package babel Info: Redefining spanish shorthand >>
(babel)             in language  on input line 243.
Package babel Info: Redefining spanish shorthand "=
(babel)             in language  on input line 243.
Package babel Info: Redefining spanish shorthand "~
(babel)             in language  on input line 243.
Package babel Info: Redefining spanish shorthand "!
(babel)             in language  on input line 243.
Package babel Info: Redefining spanish shorthand "?
(babel)             in language  on input line 243.
 [26]
LaTeX Info: Redefining \. on input line 309.
LaTeX Info: Redefining \% on input line 309.
Package babel Info: Redefining spanish shorthand <<
(babel)             in language  on input line 309.
Package babel Info: Redefining spanish shorthand >>
(babel)             in language  on input line 309.
Package babel Info: Redefining spanish shorthand "=
(babel)             in language  on input line 309.
Package babel Info: Redefining spanish shorthand "~
(babel)             in language  on input line 309.
Package babel Info: Redefining spanish shorthand "!
(babel)             in language  on input line 309.
Package babel Info: Redefining spanish shorthand "?
(babel)             in language  on input line 309.
Package babel Info: Redefining spanish shorthand <<
(babel)             in language  on input line 309.
Package babel Info: Redefining spanish shorthand >>
(babel)             in language  on input line 309.
Package babel Info: Redefining spanish shorthand "=
(babel)             in language  on input line 309.
Package babel Info: Redefining spanish shorthand "~
(babel)             in language  on input line 309.
Package babel Info: Redefining spanish shorthand "!
(babel)             in language  on input line 309.
Package babel Info: Redefining spanish shorthand "?
(babel)             in language  on input line 309.
 [27]
LaTeX Info: Redefining \. on input line 375.
LaTeX Info: Redefining \% on input line 375.
Package babel Info: Redefining spanish shorthand <<
(babel)             in language  on input line 375.
Package babel Info: Redefining spanish shorthand >>
(babel)             in language  on input line 375.
Package babel Info: Redefining spanish shorthand "=
(babel)             in language  on input line 375.
Package babel Info: Redefining spanish shorthand "~
(babel)             in language  on input line 375.
Package babel Info: Redefining spanish shorthand "!
(babel)             in language  on input line 375.
Package babel Info: Redefining spanish shorthand "?
(babel)             in language  on input line 375.
Package babel Info: Redefining spanish shorthand <<
(babel)             in language  on input line 375.
Package babel Info: Redefining spanish shorthand >>
(babel)             in language  on input line 375.
Package babel Info: Redefining spanish shorthand "=
(babel)             in language  on input line 375.
Package babel Info: Redefining spanish shorthand "~
(babel)             in language  on input line 375.
Package babel Info: Redefining spanish shorthand "!
(babel)             in language  on input line 375.
Package babel Info: Redefining spanish shorthand "?
(babel)             in language  on input line 375.

[28]
Package babel Info: Redefining spanish shorthand <<
(babel)             in language  on input line 435.
Package babel Info: Redefining spanish shorthand >>
(babel)             in language  on input line 435.
Package babel Info: Redefining spanish shorthand "=
(babel)             in language  on input line 435.
Package babel Info: Redefining spanish shorthand "~
(babel)             in language  on input line 435.
Package babel Info: Redefining spanish shorthand "!
(babel)             in language  on input line 435.
Package babel Info: Redefining spanish shorthand "?
(babel)             in language  on input line 435.
LaTeX Info: Redefining \. on input line 449.
LaTeX Info: Redefining \% on input line 449.
Package babel Info: Redefining spanish shorthand <<
(babel)             in language  on input line 449.
Package babel Info: Redefining spanish shorthand >>
(babel)             in language  on input line 449.
Package babel Info: Redefining spanish shorthand "=
(babel)             in language  on input line 449.
Package babel Info: Redefining spanish shorthand "~
(babel)             in language  on input line 449.
Package babel Info: Redefining spanish shorthand "!
(babel)             in language  on input line 449.
Package babel Info: Redefining spanish shorthand "?
(babel)             in language  on input line 449.
Package babel Info: Redefining spanish shorthand <<
(babel)             in language  on input line 449.
Package babel Info: Redefining spanish shorthand >>
(babel)             in language  on input line 449.
Package babel Info: Redefining spanish shorthand "=
(babel)             in language  on input line 449.
Package babel Info: Redefining spanish shorthand "~
(babel)             in language  on input line 449.
Package babel Info: Redefining spanish shorthand "!
(babel)             in language  on input line 449.
Package babel Info: Redefining spanish shorthand "?
(babel)             in language  on input line 449.
 [29]
LaTeX Info: Redefining \. on input line 518.
LaTeX Info: Redefining \% on input line 518.
Package babel Info: Redefining spanish shorthand <<
(babel)             in language  on input line 518.
Package babel Info: Redefining spanish shorthand >>
(babel)             in language  on input line 518.
Package babel Info: Redefining spanish shorthand "=
(babel)             in language  on input line 518.
Package babel Info: Redefining spanish shorthand "~
(babel)             in language  on input line 518.
Package babel Info: Redefining spanish shorthand "!
(babel)             in language  on input line 518.
Package babel Info: Redefining spanish shorthand "?
(babel)             in language  on input line 518.
Package babel Info: Redefining spanish shorthand <<
(babel)             in language  on input line 518.
Package babel Info: Redefining spanish shorthand >>
(babel)             in language  on input line 518.
Package babel Info: Redefining spanish shorthand "=
(babel)             in language  on input line 518.
Package babel Info: Redefining spanish shorthand "~
(babel)             in language  on input line 518.
Package babel Info: Redefining spanish shorthand "!
(babel)             in language  on input line 518.
Package babel Info: Redefining spanish shorthand "?
(babel)             in language  on input line 518.
 [30]
Package atveryend Info: Empty hook `BeforeClearDocument' on input line 556.
LaTeX Info: Redefining \. on input line 556.
LaTeX Info: Redefining \% on input line 556.
Package babel Info: Redefining spanish shorthand <<
(babel)             in language  on input line 556.
Package babel Info: Redefining spanish shorthand >>
(babel)             in language  on input line 556.
Package babel Info: Redefining spanish shorthand "=
(babel)             in language  on input line 556.
Package babel Info: Redefining spanish shorthand "~
(babel)             in language  on input line 556.
Package babel Info: Redefining spanish shorthand "!
(babel)             in language  on input line 556.
Package babel Info: Redefining spanish shorthand "?
(babel)             in language  on input line 556.
Package babel Info: Redefining spanish shorthand <<
(babel)             in language  on input line 556.
Package babel Info: Redefining spanish shorthand >>
(babel)             in language  on input line 556.
Package babel Info: Redefining spanish shorthand "=
(babel)             in language  on input line 556.
Package babel Info: Redefining spanish shorthand "~
(babel)             in language  on input line 556.
Package babel Info: Redefining spanish shorthand "!
(babel)             in language  on input line 556.
Package babel Info: Redefining spanish shorthand "?
(babel)             in language  on input line 556.
 [31]
Package atveryend Info: Empty hook `AfterLastShipout' on input line 556.
 (./informe.aux
LaTeX Info: Redefining \. on input line 24.
LaTeX Info: Redefining \% on input line 24.
)
Package atveryend Info: Executing hook `AtVeryEndDocument' on input line 556.
Package atveryend Info: Executing hook `AtEndAfterFileList' on input line 556.


Package rerunfilecheck Warning: File `informe.out' has changed.
(rerunfilecheck)                Rerun to get outlines right
(rerunfilecheck)                or use package `bookmark'.

Package rerunfilecheck Info: Checksums for `informe.out':
(rerunfilecheck)             Before: B08DF7C2ADBD03A5E13B048186B7FC23;2098
(rerunfilecheck)             After:  7DDCE744096F64DE76DD31907F81428C;2164.

LaTeX Font Warning: Some font shapes were not available, defaults substituted.


LaTeX Warning: Label(s) may have changed. Rerun to get cross-references right.

Package atveryend Info: Empty hook `AtVeryVeryEnd' on input line 556.
 ) 
Here is how much of TeX's memory you used:
 11302 strings out of 493304
 160488 string characters out of 6139871
 420139 words of memory out of 5000000
 14031 multiletter control sequences out of 15000+600000
 30852 words of font info for 61 fonts, out of 8000000 for 9000
 957 hyphenation exceptions out of 8191
 36i,13n,58p,1509b,2031s stack positions out of 5000i,500n,10000p,200000b,80000s
{/usr/share/texlive/texmf-dist/fonts/enc/dvips/base/8r.enc}</usr/share/texliv
e/texmf-dist/fonts/type1/bitstrea/charter/bchb8a.pfb></usr/share/texlive/texmf-
dist/fonts/type1/bitstrea/charter/bchr8a.pfb></usr/share/texlive/texmf-dist/fon
ts/type1/bitstrea/charter/bchri8a.pfb></usr/share/texlive/texmf-dist/fonts/type
1/public/amsfonts/cm/cmmi10.pfb></usr/share/texlive/texmf-dist/fonts/type1/publ
ic/amsfonts/cm/cmmi5.pfb></usr/share/texlive/texmf-dist/fonts/type1/public/amsf
onts/cm/cmmi7.pfb></usr/share/texlive/texmf-dist/fonts/type1/public/amsfonts/cm
/cmmi8.pfb></usr/share/texlive/texmf-dist/fonts/type1/public/amsfonts/cm/cmr10.
pfb></usr/share/texlive/texmf-dist/fonts/type1/public/amsfonts/cm/cmr7.pfb></us
r/share/texlive/texmf-dist/fonts/type1/public/amsfonts/cm/cmss10.pfb></usr/shar
e/texlive/texmf-dist/fonts/type1/public/amsfonts/cm/cmsy10.pfb></usr/share/texl
ive/texmf-dist/fonts/type1/public/amsfonts/cm/cmsy7.pfb></usr/share/texlive/tex
mf-dist/fonts/type1/public/amsfonts/cm/cmsy8.pfb></usr/share/texlive/texmf-dist
/fonts/type1/public/amsfonts/cm/cmtt10.pfb></usr/share/texlive/texmf-dist/fonts
/type1/public/amsfonts/symbols/msbm10.pfb>
Output written on informe.pdf (31 pages, 1065530 bytes).
PDF statistics:
 996 PDF objects out of 1000 (max. 8388607)
 913 compressed objects within 10 object streams
 520 named destinations out of 1000 (max. 500000)
 308 words of extra memory for PDF output out of 10000 (max. 10000000)

